<?xml version="1.0" encoding="UTF-8" ?>
<testsuite errors="0" failures="0" hostname="DELLE6230_032" name="org.magpiebrain.bigvisiblewall.cardwall.repository.mingle.UserParserTests" skipped="0" tests="2" time="0.342" timestamp="2013-06-17T09:25:57">
  <properties>
    <property name="java.vendor" value="Oracle Corporation" />
    <property name="sun.java.launcher" value="SUN_STANDARD" />
    <property name="sun.management.compiler" value="HotSpot 64-Bit Tiered Compilers" />
    <property name="ant.file.bigvisiblewall" value="C:\Users\edipple\Desktop\bigvisiblewall\build.xml" />
    <property name="os.name" value="Windows 7" />
    <property name="ant.file.type.bigvisiblewall" value="file" />
    <property name="sun.boot.class.path" value="C:\Program Files\Java\jdk1.7.0_21\jre\lib\resources.jar;C:\Program Files\Java\jdk1.7.0_21\jre\lib\rt.jar;C:\Program Files\Java\jdk1.7.0_21\jre\lib\sunrsasign.jar;C:\Program Files\Java\jdk1.7.0_21\jre\lib\jsse.jar;C:\Program Files\Java\jdk1.7.0_21\jre\lib\jce.jar;C:\Program Files\Java\jdk1.7.0_21\jre\lib\charsets.jar;C:\Program Files\Java\jdk1.7.0_21\jre\lib\jfr.jar;C:\Program Files\Java\jdk1.7.0_21\jre\classes" />
    <property name="sun.desktop" value="windows" />
    <property name="scala-src.dir" value="C:\Users\edipple\Desktop\bigvisiblewall/src" />
    <property name="java.vm.specification.vendor" value="Oracle Corporation" />
    <property name="ant.home" value="C:\bin\apache-ant-1.9.1" />
    <property name="java.runtime.version" value="1.7.0_21-b11" />
    <property name="user.name" value="edipple" />
    <property name="build.dir" value="C:\Users\edipple\Desktop\bigvisiblewall/build" />
    <property name="runtime.dir" value="C:\Users\edipple\Desktop\bigvisiblewall/runtime" />
    <property name="user.language" value="en" />
    <property name="sun.boot.library.path" value="C:\Program Files\Java\jdk1.7.0_21\jre\bin" />
    <property name="ant.project.default-target" value="test" />
    <property name="ant.project.name" value="bigvisiblewall" />
    <property name="java.version" value="1.7.0_21" />
    <property name="user.timezone" value="" />
    <property name="sun.arch.data.model" value="64" />
    <property name="java.endorsed.dirs" value="C:\Program Files\Java\jdk1.7.0_21\jre\lib\endorsed" />
    <property name="sun.cpu.isalist" value="amd64" />
    <property name="sun.jnu.encoding" value="Cp1252" />
    <property name="file.encoding.pkg" value="sun.io" />
    <property name="file.separator" value="\" />
    <property name="java.specification.name" value="Java Platform API Specification" />
    <property name="test.lib.dir" value="C:\Users\edipple\Desktop\bigvisiblewall/lib/test" />
    <property name="java.class.version" value="51.0" />
    <property name="user.country" value="GB" />
    <property name="java.home" value="C:\Program Files\Java\jdk1.7.0_21\jre" />
    <property name="dist.dir" value="C:\Users\edipple\Desktop\bigvisiblewall/dist" />
    <property name="java.vm.info" value="mixed mode" />
    <property name="ant.file" value="C:\Users\edipple\Desktop\bigvisiblewall\build.xml" />
    <property name="os.version" value="6.1" />
    <property name="path.separator" value=";" />
    <property name="java.vm.version" value="23.21-b01" />
    <property name="release" value="0.1" />
    <property name="user.variant" value="" />
    <property name="web.dir" value="C:\Users\edipple\Desktop\bigvisiblewall/web" />
    <property name="ant.library.dir" value="C:\bin\apache-ant-1.9.1\lib" />
    <property name="java.awt.printerjob" value="sun.awt.windows.WPrinterJob" />
    <property name="sun.io.unicode.encoding" value="UnicodeLittle" />
    <property name="awt.toolkit" value="sun.awt.windows.WToolkit" />
    <property name="user.script" value="" />
    <property name="user.home" value="C:\Users\edipple" />
    <property name="java.specification.vendor" value="Oracle Corporation" />
    <property name="java.library.path" value="C:\Program Files\Java\jdk1.7.0_21\jre\bin;C:\Windows\Sun\Java\bin;C:\Windows\system32;C:\Windows;C:\Program Files\ConEmu\ConEmu;C:\Program Files\ConEmu;C:\Program Files (x86)\Intel\iCLS Client\;C:\Program Files\Intel\iCLS Client\;C:\Windows\system32;C:\Windows;C:\Windows\System32\Wbem;C:\Windows\System32\WindowsPowerShell\v1.0\;C:\Program Files\Dell\Dell Data Protection\Access\Advanced\Wave\Gemalto\Access Client\v5\;C:\Program Files (x86)\NTRU Cryptosystems\NTRU TCG Software Stack\bin\;C:\Program Files\NTRU Cryptosystems\NTRU TCG Software Stack\bin\;C:\Program Files\Intel\Intel(R) Management Engine Components\DAL;C:\Program Files\Intel\Intel(R) Management Engine Components\IPT;C:\Program Files (x86)\Intel\Intel(R) Management Engine Components\DAL;C:\Program Files (x86)\Intel\Intel(R) Management Engine Components\IPT;C:\Program Files\WIDCOMM\Bluetooth Software\;C:\Program Files\WIDCOMM\Bluetooth Software\syswow64;C:\Program Files (x86)\Intel\OpenCL SDK\2.0\bin\x86;C:\Program Files (x86)\Intel\OpenCL SDK\2.0\bin\x64;C:\Program Files\Microsoft\Web Platform Installer\;C:\Program Files (x86)\Microsoft ASP.NET\ASP.NET Web Pages\v1.0\;C:\Program Files (x86)\Windows Kits\8.0\Windows Performance Toolkit\;C:\Program Files\Microsoft SQL Server\110\Tools\Binn\;C:\Program Files\Java\jdk1.7.0_21\bin;C:\Program Files (x86)\NUnit 2.6.2\bin;C:\Program Files (x86)\Microsoft Team Foundation Server 2012 Power Tools\;C:\Program Files (x86)\Microsoft Team Foundation Server 2012 Power Tools\Best Practices Analyzer\;C:\opscode\chef\bin;C:\opscode\chef\embedded\bin;C:\alias;C:\bin;C:\bin\git-tf;C:\Program Files (x86)\Git\bin;C:\bin\apache-ant-1.9.1\bin;." />
    <property name="java.vendor.url" value="http://java.oracle.com/" />
    <property name="java.vm.vendor" value="Oracle Corporation" />
    <property name="java.runtime.name" value="Java(TM) SE Runtime Environment" />
    <property name="sun.java.command" value="org.apache.tools.ant.taskdefs.optional.junit.JUnitTestRunner org.magpiebrain.bigvisiblewall.cardwall.repository.mingle.UserParserTests filtertrace=true haltOnError=false haltOnFailure=true showoutput=true outputtoformatters=true logfailedtests=true logtestlistenerevents=false formatter=org.apache.tools.ant.taskdefs.optional.junit.XMLJUnitResultFormatter,C:\Users\edipple\Desktop\bigvisiblewall\build\reports\TEST-org.magpiebrain.bigvisiblewall.cardwall.repository.mingle.UserParserTests.xml formatter=org.apache.tools.ant.taskdefs.optional.junit.BriefJUnitResultFormatter crashfile=C:\Users\edipple\Desktop\bigvisiblewall\junitvmwatcher6578485816283194196.properties propsfile=C:\Users\edipple\Desktop\bigvisiblewall\junit6448184162417817680.properties" />
    <property name="java.class.path" value="C:\Users\edipple\Desktop\bigvisiblewall\lib\prod\commons-codec-1.3.jar;C:\Users\edipple\Desktop\bigvisiblewall\lib\prod\commons-httpclient-3.1.jar;C:\Users\edipple\Desktop\bigvisiblewall\lib\prod\commons-logging-1.1.1.jar;C:\Users\edipple\Desktop\bigvisiblewall\lib\prod\jetty-continuation-7.0.0.M1.jar;C:\Users\edipple\Desktop\bigvisiblewall\lib\prod\jetty-http-7.0.0.M1.jar;C:\Users\edipple\Desktop\bigvisiblewall\lib\prod\jetty-io-7.0.0.M1.jar;C:\Users\edipple\Desktop\bigvisiblewall\lib\prod\jetty-server-7.0.0.M1.jar;C:\Users\edipple\Desktop\bigvisiblewall\lib\prod\jetty-util-7.0.0.M1.jar;C:\Users\edipple\Desktop\bigvisiblewall\lib\prod\scala-compiler.jar;C:\Users\edipple\Desktop\bigvisiblewall\lib\prod\scala-library.jar;C:\Users\edipple\Desktop\bigvisiblewall\lib\prod\servlet-api-2.5-20081211.jar;C:\Users\edipple\Desktop\bigvisiblewall\lib\test\commons-collections-3.2.1.jar;C:\Users\edipple\Desktop\bigvisiblewall\lib\test\commons-io-1.4.jar;C:\Users\edipple\Desktop\bigvisiblewall\lib\test\commons-lang-2.4.jar;C:\Users\edipple\Desktop\bigvisiblewall\lib\test\cssparser-0.9.5.jar;C:\Users\edipple\Desktop\bigvisiblewall\lib\test\htmlunit-2.5.jar;C:\Users\edipple\Desktop\bigvisiblewall\lib\test\htmlunit-core-js-2.5.jar;C:\Users\edipple\Desktop\bigvisiblewall\lib\test\junit-4.6.jar;C:\Users\edipple\Desktop\bigvisiblewall\lib\test\nekohtml-1.9.12.jar;C:\Users\edipple\Desktop\bigvisiblewall\lib\test\sac-1.3.jar;C:\Users\edipple\Desktop\bigvisiblewall\lib\test\serializer-2.7.1.jar;C:\Users\edipple\Desktop\bigvisiblewall\lib\test\specs-1.5.0.jar;C:\Users\edipple\Desktop\bigvisiblewall\lib\test\webdriver-common-r1039.jar;C:\Users\edipple\Desktop\bigvisiblewall\lib\test\webdriver-htmlunit-r1039.jar;C:\Users\edipple\Desktop\bigvisiblewall\lib\test\xalan-2.7.1.jar;C:\Users\edipple\Desktop\bigvisiblewall\lib\test\xercesImpl-2.8.1.jar;C:\Users\edipple\Desktop\bigvisiblewall\lib\test\xml-apis-1.3.04.jar;C:\Users\edipple\Desktop\bigvisiblewall\dist\bigvisiblewall-scala.jar;C:\Users\edipple\Desktop\bigvisiblewall\dist\scala-test.jar;C:\bin\apache-ant-1.9.1\lib\ant-launcher.jar;C:\bin\apache-ant-1.9.1\lib\ant.jar;C:\bin\apache-ant-1.9.1\lib\ant-junit.jar;C:\bin\apache-ant-1.9.1\lib\ant-junit4.jar" />
    <property name="ant.version" value="Apache Ant(TM) version 1.9.1 compiled on May 15 2013" />
    <property name="java.vm.specification.name" value="Java Virtual Machine Specification" />
    <property name="ant.file.type" value="file" />
    <property name="java.vm.specification.version" value="1.7" />
    <property name="sun.cpu.endian" value="little" />
    <property name="sun.os.patch.level" value="Service Pack 1" />
    <property name="java.io.tmpdir" value="C:\Users\edipple\AppData\Local\Temp\" />
    <property name="java.vendor.url.bug" value="http://bugreport.sun.com/bugreport/" />
    <property name="os.arch" value="amd64" />
    <property name="java.awt.graphicsenv" value="sun.awt.Win32GraphicsEnvironment" />
    <property name="java.ext.dirs" value="C:\Program Files\Java\jdk1.7.0_21\jre\lib\ext;C:\Windows\Sun\Java\lib\ext" />
    <property name="user.dir" value="C:\Users\edipple\Desktop\bigvisiblewall" />
    <property name="test-reports.dir" value="C:\Users\edipple\Desktop\bigvisiblewall/build/reports" />
    <property name="line.separator" value="&#xd;&#xa;" />
    <property name="java.vm.name" value="Java HotSpot(TM) 64-Bit Server VM" />
    <property name="compiled.code.dir" value="C:\Users\edipple\Desktop\bigvisiblewall/build/compile" />
    <property name="basedir" value="C:\Users\edipple\Desktop\bigvisiblewall" />
    <property name="prod.lib.dir" value="C:\Users\edipple\Desktop\bigvisiblewall/lib/prod" />
    <property name="ant.java.version" value="1.7" />
    <property name="ant.core.lib" value="C:\bin\apache-ant-1.9.1\lib\ant.jar" />
    <property name="file.encoding" value="Cp1252" />
    <property name="scala.test.dir" value="C:\Users\edipple\Desktop\bigvisiblewall/test" />
    <property name="java.specification.version" value="1.7" />
    <property name="ant.project.invoked-targets" value="build,dist" />
  </properties>
  <testcase classname="765204291" name="parse single users" time="0.029" />
  <testcase classname="1656440601" name="parse two users" time="0.005" />
  <system-out><![CDATA[]]></system-out>
  <system-err><![CDATA[]]></system-err>
</testsuite>
