<?xml version="1.0" encoding="UTF-8" ?>
<testsuite errors="0" failures="0" hostname="adams-t520.caplin.com" name="org.magpiebrain.bigvisiblewall.buildwall.ByNameSortingTests" tests="2" time="0.318" timestamp="2011-08-03T10:25:31">
  <properties>
    <property name="java.vendor" value="Apple Inc." />
    <property name="sun.java.launcher" value="SUN_STANDARD" />
    <property name="jikes.class.path" value=":/System/Library/Java/JavaVirtualMachines/1.6.0.jdk/Contents/Home/../Classes/alt-rt.jar:/System/Library/Java/JavaVirtualMachines/1.6.0.jdk/Contents/Home/../Classes/alt-string.jar:/System/Library/Java/JavaVirtualMachines/1.6.0.jdk/Contents/Home/../Classes/charsets.jar:/System/Library/Java/JavaVirtualMachines/1.6.0.jdk/Contents/Home/../Classes/classes.jar:/System/Library/Java/JavaVirtualMachines/1.6.0.jdk/Contents/Home/../Classes/dt.jar:/System/Library/Java/JavaVirtualMachines/1.6.0.jdk/Contents/Home/../Classes/jce.jar:/System/Library/Java/JavaVirtualMachines/1.6.0.jdk/Contents/Home/../Classes/jconsole.jar:/System/Library/Java/JavaVirtualMachines/1.6.0.jdk/Contents/Home/../Classes/jsse.jar:/System/Library/Java/JavaVirtualMachines/1.6.0.jdk/Contents/Home/../Classes/management-agent.jar:/System/Library/Java/JavaVirtualMachines/1.6.0.jdk/Contents/Home/../Classes/ui.jar" />
    <property name="sun.management.compiler" value="HotSpot 64-Bit Tiered Compilers" />
    <property name="ant.file.bigvisiblewall" value="/Users/edmunddipple/ECLIPSE/BigVisibleWall_caplin_src/build.xml" />
    <property name="os.name" value="Mac OS X" />
    <property name="ant.file.type.bigvisiblewall" value="file" />
    <property name="sun.boot.class.path" value="/System/Library/Java/JavaVirtualMachines/1.6.0.jdk/Contents/Classes/jsfd.jar:/System/Library/Java/JavaVirtualMachines/1.6.0.jdk/Contents/Classes/classes.jar:/System/Library/Frameworks/JavaVM.framework/Frameworks/JavaRuntimeSupport.framework/Resources/Java/JavaRuntimeSupport.jar:/System/Library/Java/JavaVirtualMachines/1.6.0.jdk/Contents/Classes/ui.jar:/System/Library/Java/JavaVirtualMachines/1.6.0.jdk/Contents/Classes/laf.jar:/System/Library/Java/JavaVirtualMachines/1.6.0.jdk/Contents/Classes/sunrsasign.jar:/System/Library/Java/JavaVirtualMachines/1.6.0.jdk/Contents/Classes/jsse.jar:/System/Library/Java/JavaVirtualMachines/1.6.0.jdk/Contents/Classes/jce.jar:/System/Library/Java/JavaVirtualMachines/1.6.0.jdk/Contents/Classes/charsets.jar" />
    <property name="scala-src.dir" value="/Users/edmunddipple/ECLIPSE/BigVisibleWall_caplin_src/src" />
    <property name="java.vm.specification.vendor" value="Sun Microsystems Inc." />
    <property name="ant.home" value="/usr/share/ant" />
    <property name="java.runtime.version" value="1.6.0_26-b03-383-11A511" />
    <property name="user.name" value="edmunddipple" />
    <property name="awt.nativeDoubleBuffering" value="true" />
    <property name="build.dir" value="/Users/edmunddipple/ECLIPSE/BigVisibleWall_caplin_src/build" />
    <property name="runtime.dir" value="/Users/edmunddipple/ECLIPSE/BigVisibleWall_caplin_src/runtime" />
    <property name="user.language" value="en" />
    <property name="sun.boot.library.path" value="/System/Library/Java/JavaVirtualMachines/1.6.0.jdk/Contents/Libraries" />
    <property name="ant.project.default-target" value="test" />
    <property name="ant.project.name" value="bigvisiblewall" />
    <property name="java.version" value="1.6.0_26" />
    <property name="user.timezone" value="" />
    <property name="sun.arch.data.model" value="64" />
    <property name="http.nonProxyHosts" value="local|*.local|169.254/16|*.169.254/16" />
    <property name="java.endorsed.dirs" value="/System/Library/Java/JavaVirtualMachines/1.6.0.jdk/Contents/Home/lib/endorsed" />
    <property name="sun.cpu.isalist" value="" />
    <property name="sun.jnu.encoding" value="MacRoman" />
    <property name="file.encoding.pkg" value="sun.io" />
    <property name="file.separator" value="/" />
    <property name="java.specification.name" value="Java Platform API Specification" />
    <property name="test.lib.dir" value="/Users/edmunddipple/ECLIPSE/BigVisibleWall_caplin_src/lib/test" />
    <property name="java.class.version" value="50.0" />
    <property name="user.country" value="US" />
    <property name="java.home" value="/System/Library/Java/JavaVirtualMachines/1.6.0.jdk/Contents/Home" />
    <property name="dist.dir" value="/Users/edmunddipple/ECLIPSE/BigVisibleWall_caplin_src/dist" />
    <property name="java.vm.info" value="mixed mode" />
    <property name="ant.file" value="/Users/edmunddipple/ECLIPSE/BigVisibleWall_caplin_src/build.xml" />
    <property name="os.version" value="10.7" />
    <property name="path.separator" value=":" />
    <property name="java.vm.version" value="20.1-b02-383" />
    <property name="release" value="0.1" />
    <property name="web.dir" value="/Users/edmunddipple/ECLIPSE/BigVisibleWall_caplin_src/web" />
    <property name="ant.library.dir" value="/usr/share/ant/lib" />
    <property name="java.awt.printerjob" value="apple.awt.CPrinterJob" />
    <property name="sun.io.unicode.encoding" value="UnicodeLittle" />
    <property name="awt.toolkit" value="apple.awt.CToolkit" />
    <property name="socksNonProxyHosts" value="local|*.local|169.254/16|*.169.254/16" />
    <property name="ftp.nonProxyHosts" value="local|*.local|169.254/16|*.169.254/16" />
    <property name="user.home" value="/Users/edmunddipple" />
    <property name="java.specification.vendor" value="Sun Microsystems Inc." />
    <property name="java.library.path" value=".:/Library/Java/Extensions:/System/Library/Java/Extensions:/usr/lib/java" />
    <property name="java.vendor.url" value="http://www.apple.com/" />
    <property name="java.vm.vendor" value="Apple Inc." />
    <property name="gopherProxySet" value="false" />
    <property name="java.runtime.name" value="Java(TM) SE Runtime Environment" />
    <property name="sun.java.command" value="org.apache.tools.ant.taskdefs.optional.junit.JUnitTestRunner org.magpiebrain.bigvisiblewall.buildwall.ByNameSortingTests filtertrace=true haltOnError=false haltOnFailure=true showoutput=true outputtoformatters=true logfailedtests=true logtestlistenerevents=false formatter=org.apache.tools.ant.taskdefs.optional.junit.XMLJUnitResultFormatter,/Users/edmunddipple/ECLIPSE/BigVisibleWall_caplin_src/build/reports/TEST-org.magpiebrain.bigvisiblewall.buildwall.ByNameSortingTests.xml formatter=org.apache.tools.ant.taskdefs.optional.junit.BriefJUnitResultFormatter crashfile=/Users/edmunddipple/ECLIPSE/BigVisibleWall_caplin_src/junitvmwatcher2367054677191497762.properties propsfile=/Users/edmunddipple/ECLIPSE/BigVisibleWall_caplin_src/junit6866476578416039409.properties" />
    <property name="java.class.path" value="/Users/edmunddipple/ECLIPSE/BigVisibleWall_caplin_src/lib/prod/commons-codec-1.3.jar:/Users/edmunddipple/ECLIPSE/BigVisibleWall_caplin_src/lib/prod/commons-httpclient-3.1.jar:/Users/edmunddipple/ECLIPSE/BigVisibleWall_caplin_src/lib/prod/commons-logging-1.1.1.jar:/Users/edmunddipple/ECLIPSE/BigVisibleWall_caplin_src/lib/prod/jetty-continuation-7.0.0.M1.jar:/Users/edmunddipple/ECLIPSE/BigVisibleWall_caplin_src/lib/prod/jetty-http-7.0.0.M1.jar:/Users/edmunddipple/ECLIPSE/BigVisibleWall_caplin_src/lib/prod/jetty-io-7.0.0.M1.jar:/Users/edmunddipple/ECLIPSE/BigVisibleWall_caplin_src/lib/prod/jetty-server-7.0.0.M1.jar:/Users/edmunddipple/ECLIPSE/BigVisibleWall_caplin_src/lib/prod/jetty-util-7.0.0.M1.jar:/Users/edmunddipple/ECLIPSE/BigVisibleWall_caplin_src/lib/prod/scala-compiler.jar:/Users/edmunddipple/ECLIPSE/BigVisibleWall_caplin_src/lib/prod/scala-library.jar:/Users/edmunddipple/ECLIPSE/BigVisibleWall_caplin_src/lib/prod/servlet-api-2.5-20081211.jar:/Users/edmunddipple/ECLIPSE/BigVisibleWall_caplin_src/lib/test/commons-collections-3.2.1.jar:/Users/edmunddipple/ECLIPSE/BigVisibleWall_caplin_src/lib/test/commons-io-1.4.jar:/Users/edmunddipple/ECLIPSE/BigVisibleWall_caplin_src/lib/test/commons-lang-2.4.jar:/Users/edmunddipple/ECLIPSE/BigVisibleWall_caplin_src/lib/test/cssparser-0.9.5.jar:/Users/edmunddipple/ECLIPSE/BigVisibleWall_caplin_src/lib/test/htmlunit-2.5.jar:/Users/edmunddipple/ECLIPSE/BigVisibleWall_caplin_src/lib/test/htmlunit-core-js-2.5.jar:/Users/edmunddipple/ECLIPSE/BigVisibleWall_caplin_src/lib/test/junit-4.6.jar:/Users/edmunddipple/ECLIPSE/BigVisibleWall_caplin_src/lib/test/nekohtml-1.9.12.jar:/Users/edmunddipple/ECLIPSE/BigVisibleWall_caplin_src/lib/test/sac-1.3.jar:/Users/edmunddipple/ECLIPSE/BigVisibleWall_caplin_src/lib/test/serializer-2.7.1.jar:/Users/edmunddipple/ECLIPSE/BigVisibleWall_caplin_src/lib/test/specs-1.5.0.jar:/Users/edmunddipple/ECLIPSE/BigVisibleWall_caplin_src/lib/test/webdriver-common-r1039.jar:/Users/edmunddipple/ECLIPSE/BigVisibleWall_caplin_src/lib/test/webdriver-htmlunit-r1039.jar:/Users/edmunddipple/ECLIPSE/BigVisibleWall_caplin_src/lib/test/xalan-2.7.1.jar:/Users/edmunddipple/ECLIPSE/BigVisibleWall_caplin_src/lib/test/xercesImpl-2.8.1.jar:/Users/edmunddipple/ECLIPSE/BigVisibleWall_caplin_src/lib/test/xml-apis-1.3.04.jar:/Users/edmunddipple/ECLIPSE/BigVisibleWall_caplin_src/dist/bigvisiblewall-scala.jar:/Users/edmunddipple/ECLIPSE/BigVisibleWall_caplin_src/dist/scala-test.jar:/usr/share/java/ant-1.8.2/lib/ant-launcher.jar:/usr/share/ant/lib/ant.jar:/usr/share/ant/lib/ant-junit.jar:/usr/share/ant/lib/ant-junit4.jar" />
    <property name="ant.version" value="Apache Ant(TM) version 1.8.2 compiled on June 3 2011" />
    <property name="java.vm.specification.name" value="Java Virtual Machine Specification" />
    <property name="ant.file.type" value="file" />
    <property name="java.vm.specification.version" value="1.0" />
    <property name="sun.cpu.endian" value="little" />
    <property name="sun.os.patch.level" value="unknown" />
    <property name="java.io.tmpdir" value="/var/folders/wz/_72ksd8x2k9gn1cfcrm745dm0000gn/T/" />
    <property name="java.vendor.url.bug" value="http://bugreport.apple.com/" />
    <property name="mrj.build" value="11A511" />
    <property name="os.arch" value="x86_64" />
    <property name="java.awt.graphicsenv" value="apple.awt.CGraphicsEnvironment" />
    <property name="java.ext.dirs" value="/Library/Java/Extensions:/System/Library/Java/Extensions:/System/Library/Java/JavaVirtualMachines/1.6.0.jdk/Contents/Home/lib/ext" />
    <property name="mrj.version" value="1070.1.6.0_26-383" />
    <property name="user.dir" value="/Users/edmunddipple/ECLIPSE/BigVisibleWall_caplin_src" />
    <property name="test-reports.dir" value="/Users/edmunddipple/ECLIPSE/BigVisibleWall_caplin_src/build/reports" />
    <property name="line.separator" value="&#xa;" />
    <property name="java.vm.name" value="Java HotSpot(TM) 64-Bit Server VM" />
    <property name="compiled.code.dir" value="/Users/edmunddipple/ECLIPSE/BigVisibleWall_caplin_src/build/compile" />
    <property name="basedir" value="/Users/edmunddipple/ECLIPSE/BigVisibleWall_caplin_src" />
    <property name="prod.lib.dir" value="/Users/edmunddipple/ECLIPSE/BigVisibleWall_caplin_src/lib/prod" />
    <property name="ant.java.version" value="1.6" />
    <property name="ant.core.lib" value="/usr/share/ant/lib/ant.jar" />
    <property name="file.encoding" value="MacRoman" />
    <property name="scala.test.dir" value="/Users/edmunddipple/ECLIPSE/BigVisibleWall_caplin_src/test" />
    <property name="java.specification.version" value="1.6" />
    <property name="ant.project.invoked-targets" value="dist" />
  </properties>
  <testcase classname="1943692956" name="Handle an empty list" time="0.018" />
  <testcase classname="126273328" name="Sort builds by name" time="0.0050" />
  <system-out><![CDATA[]]></system-out>
  <system-err><![CDATA[]]></system-err>
</testsuite>
